ERROR - 2025-05-15 04:38:06 --> mysqli_sql_exception: Table 'sisfo_akademik.kelas' doesn't exist in C:\xampp\htdocs\sisfo_akademik\system\Database\MySQLi\Connection.php:327
Stack trace:
#0 C:\xampp\htdocs\sisfo_akademik\system\Database\MySQLi\Connection.php(327): mysqli->query('SELECT 1\nFROM `...', 0)
#1 C:\xampp\htdocs\sisfo_akademik\system\Database\BaseConnection.php(738): CodeIgniter\Database\MySQLi\Connection->execute('SELECT 1\nFROM `...')
#2 C:\xampp\htdocs\sisfo_akademik\system\Database\BaseConnection.php(652): CodeIgniter\Database\BaseConnection->simpleQuery('SELECT 1\nFROM `...')
#3 C:\xampp\htdocs\sisfo_akademik\system\Database\BaseBuilder.php(1649): CodeIgniter\Database\BaseConnection->query('SELECT 1\nFROM `...', Array, false)
#4 C:\xampp\htdocs\sisfo_akademik\system\Validation\Rules.php(175): CodeIgniter\Database\BaseBuilder->get()
#5 C:\xampp\htdocs\sisfo_akademik\system\Validation\StrictRules\Rules.php(187): CodeIgniter\Validation\Rules->is_unique('1A', 'kelas.nama_kela...', Array)
#6 C:\xampp\htdocs\sisfo_akademik\system\Validation\Validation.php(337): CodeIgniter\Validation\StrictRules\Rules->is_unique('1A', 'kelas.nama_kela...', Array, NULL, 'nama_kelas')
#7 C:\xampp\htdocs\sisfo_akademik\system\Validation\Validation.php(202): CodeIgniter\Validation\Validation->processRules('nama_kelas', 'nama_kelas', '1A', Array, Array, 'nama_kelas')
#8 C:\xampp\htdocs\sisfo_akademik\system\Controller.php(138): CodeIgniter\Validation\Validation->run()
#9 C:\xampp\htdocs\sisfo_akademik\app\Controllers\AdminController.php(679): CodeIgniter\Controller->validate(Array, Array)
#10 C:\xampp\htdocs\sisfo_akademik\system\CodeIgniter.php(933): App\Controllers\AdminController->dataKelasStore()
#11 C:\xampp\htdocs\sisfo_akademik\system\CodeIgniter.php(507): CodeIgniter\CodeIgniter->runController(Object(App\Controllers\AdminController))
#12 C:\xampp\htdocs\sisfo_akademik\system\CodeIgniter.php(354): CodeIgniter\CodeIgniter->handleRequest(NULL, Object(Config\Cache), false)
#13 C:\xampp\htdocs\sisfo_akademik\system\Boot.php(334): CodeIgniter\CodeIgniter->run()
#14 C:\xampp\htdocs\sisfo_akademik\system\Boot.php(67): CodeIgniter\Boot::runCodeIgniter(Object(CodeIgniter\CodeIgniter))
#15 C:\xampp\htdocs\sisfo_akademik\public\index.php(56): CodeIgniter\Boot::bootWeb(Object(Config\Paths))
#16 C:\xampp\htdocs\sisfo_akademik\system\rewrite.php(44): require_once('C:\\xampp\\htdocs...')
#17 {main}
CRITICAL - 2025-05-15 04:38:06 --> CodeIgniter\Database\Exceptions\DatabaseException: Table 'sisfo_akademik.kelas' doesn't exist
[Method: POST, Route: admin/tambah-kelas]
in SYSTEMPATH\Database\BaseConnection.php on line 692.
 1 SYSTEMPATH\Database\BaseBuilder.php(1649): CodeIgniter\Database\BaseConnection->query('SELECT 1
FROM `kelas`
WHERE `nama_kelas` = :nama_kelas:
 LIMIT 1', [...], false)
 2 SYSTEMPATH\Validation\Rules.php(175): CodeIgniter\Database\BaseBuilder->get()
 3 SYSTEMPATH\Validation\StrictRules\Rules.php(187): CodeIgniter\Validation\Rules->is_unique('1A', 'kelas.nama_kelas', [...])
 4 SYSTEMPATH\Validation\Validation.php(337): CodeIgniter\Validation\StrictRules\Rules->is_unique('1A', 'kelas.nama_kelas', [...], null, 'nama_kelas')
 5 SYSTEMPATH\Validation\Validation.php(202): CodeIgniter\Validation\Validation->processRules('nama_kelas', 'nama_kelas', '1A', [...], [...], 'nama_kelas')
 6 SYSTEMPATH\Controller.php(138): CodeIgniter\Validation\Validation->run()
 7 APPPATH\Controllers\AdminController.php(679): CodeIgniter\Controller->validate([...], [...])
 8 SYSTEMPATH\CodeIgniter.php(933): App\Controllers\AdminController->dataKelasStore()
 9 SYSTEMPATH\CodeIgniter.php(507): CodeIgniter\CodeIgniter->runController(Object(App\Controllers\AdminController))
10 SYSTEMPATH\CodeIgniter.php(354): CodeIgniter\CodeIgniter->handleRequest(null, Object(Config\Cache), false)
11 SYSTEMPATH\Boot.php(334): CodeIgniter\CodeIgniter->run()
12 SYSTEMPATH\Boot.php(67): CodeIgniter\Boot::runCodeIgniter(Object(CodeIgniter\CodeIgniter))
13 FCPATH\index.php(56): CodeIgniter\Boot::bootWeb(Object(Config\Paths))
14 SYSTEMPATH\rewrite.php(44): require_once('C:\\xampp\\htdocs\\sisfo_akademik\\public\\index.php')
CRITICAL - 2025-05-15 04:38:06 --> [Caused by] CodeIgniter\Database\Exceptions\DatabaseException: Table 'sisfo_akademik.kelas' doesn't exist
in SYSTEMPATH\Database\MySQLi\Connection.php on line 332.
 1 SYSTEMPATH\Database\BaseConnection.php(738): CodeIgniter\Database\MySQLi\Connection->execute('SELECT 1
FROM `kelas`
WHERE `nama_kelas` = \'1A\'
 LIMIT 1')
 2 SYSTEMPATH\Database\BaseConnection.php(652): CodeIgniter\Database\BaseConnection->simpleQuery('SELECT 1
FROM `kelas`
WHERE `nama_kelas` = \'1A\'
 LIMIT 1')
 3 SYSTEMPATH\Database\BaseBuilder.php(1649): CodeIgniter\Database\BaseConnection->query('SELECT 1
FROM `kelas`
WHERE `nama_kelas` = :nama_kelas:
 LIMIT 1', [...], false)
 4 SYSTEMPATH\Validation\Rules.php(175): CodeIgniter\Database\BaseBuilder->get()
 5 SYSTEMPATH\Validation\StrictRules\Rules.php(187): CodeIgniter\Validation\Rules->is_unique('1A', 'kelas.nama_kelas', [...])
 6 SYSTEMPATH\Validation\Validation.php(337): CodeIgniter\Validation\StrictRules\Rules->is_unique('1A', 'kelas.nama_kelas', [...], null, 'nama_kelas')
 7 SYSTEMPATH\Validation\Validation.php(202): CodeIgniter\Validation\Validation->processRules('nama_kelas', 'nama_kelas', '1A', [...], [...], 'nama_kelas')
 8 SYSTEMPATH\Controller.php(138): CodeIgniter\Validation\Validation->run()
 9 APPPATH\Controllers\AdminController.php(679): CodeIgniter\Controller->validate([...], [...])
10 SYSTEMPATH\CodeIgniter.php(933): App\Controllers\AdminController->dataKelasStore()
11 SYSTEMPATH\CodeIgniter.php(507): CodeIgniter\CodeIgniter->runController(Object(App\Controllers\AdminController))
12 SYSTEMPATH\CodeIgniter.php(354): CodeIgniter\CodeIgniter->handleRequest(null, Object(Config\Cache), false)
13 SYSTEMPATH\Boot.php(334): CodeIgniter\CodeIgniter->run()
14 SYSTEMPATH\Boot.php(67): CodeIgniter\Boot::runCodeIgniter(Object(CodeIgniter\CodeIgniter))
15 FCPATH\index.php(56): CodeIgniter\Boot::bootWeb(Object(Config\Paths))
16 SYSTEMPATH\rewrite.php(44): require_once('C:\\xampp\\htdocs\\sisfo_akademik\\public\\index.php')
CRITICAL - 2025-05-15 04:38:06 --> [Caused by] mysqli_sql_exception: Table 'sisfo_akademik.kelas' doesn't exist
in SYSTEMPATH\Database\MySQLi\Connection.php on line 327.
 1 SYSTEMPATH\Database\MySQLi\Connection.php(327): mysqli->query('SELECT 1
FROM `kelas`
WHERE `nama_kelas` = \'1A\'
 LIMIT 1', 0)
 2 SYSTEMPATH\Database\BaseConnection.php(738): CodeIgniter\Database\MySQLi\Connection->execute('SELECT 1
FROM `kelas`
WHERE `nama_kelas` = \'1A\'
 LIMIT 1')
 3 SYSTEMPATH\Database\BaseConnection.php(652): CodeIgniter\Database\BaseConnection->simpleQuery('SELECT 1
FROM `kelas`
WHERE `nama_kelas` = \'1A\'
 LIMIT 1')
 4 SYSTEMPATH\Database\BaseBuilder.php(1649): CodeIgniter\Database\BaseConnection->query('SELECT 1
FROM `kelas`
WHERE `nama_kelas` = :nama_kelas:
 LIMIT 1', [...], false)
 5 SYSTEMPATH\Validation\Rules.php(175): CodeIgniter\Database\BaseBuilder->get()
 6 SYSTEMPATH\Validation\StrictRules\Rules.php(187): CodeIgniter\Validation\Rules->is_unique('1A', 'kelas.nama_kelas', [...])
 7 SYSTEMPATH\Validation\Validation.php(337): CodeIgniter\Validation\StrictRules\Rules->is_unique('1A', 'kelas.nama_kelas', [...], null, 'nama_kelas')
 8 SYSTEMPATH\Validation\Validation.php(202): CodeIgniter\Validation\Validation->processRules('nama_kelas', 'nama_kelas', '1A', [...], [...], 'nama_kelas')
 9 SYSTEMPATH\Controller.php(138): CodeIgniter\Validation\Validation->run()
10 APPPATH\Controllers\AdminController.php(679): CodeIgniter\Controller->validate([...], [...])
11 SYSTEMPATH\CodeIgniter.php(933): App\Controllers\AdminController->dataKelasStore()
12 SYSTEMPATH\CodeIgniter.php(507): CodeIgniter\CodeIgniter->runController(Object(App\Controllers\AdminController))
13 SYSTEMPATH\CodeIgniter.php(354): CodeIgniter\CodeIgniter->handleRequest(null, Object(Config\Cache), false)
14 SYSTEMPATH\Boot.php(334): CodeIgniter\CodeIgniter->run()
15 SYSTEMPATH\Boot.php(67): CodeIgniter\Boot::runCodeIgniter(Object(CodeIgniter\CodeIgniter))
16 FCPATH\index.php(56): CodeIgniter\Boot::bootWeb(Object(Config\Paths))
17 SYSTEMPATH\rewrite.php(44): require_once('C:\\xampp\\htdocs\\sisfo_akademik\\public\\index.php')
ERROR - 2025-05-15 04:38:15 --> mysqli_sql_exception: Table 'sisfo_akademik.kelas' doesn't exist in C:\xampp\htdocs\sisfo_akademik\system\Database\MySQLi\Connection.php:327
Stack trace:
#0 C:\xampp\htdocs\sisfo_akademik\system\Database\MySQLi\Connection.php(327): mysqli->query('SELECT 1\nFROM `...', 0)
#1 C:\xampp\htdocs\sisfo_akademik\system\Database\BaseConnection.php(738): CodeIgniter\Database\MySQLi\Connection->execute('SELECT 1\nFROM `...')
#2 C:\xampp\htdocs\sisfo_akademik\system\Database\BaseConnection.php(652): CodeIgniter\Database\BaseConnection->simpleQuery('SELECT 1\nFROM `...')
#3 C:\xampp\htdocs\sisfo_akademik\system\Database\BaseBuilder.php(1649): CodeIgniter\Database\BaseConnection->query('SELECT 1\nFROM `...', Array, false)
#4 C:\xampp\htdocs\sisfo_akademik\system\Validation\Rules.php(175): CodeIgniter\Database\BaseBuilder->get()
#5 C:\xampp\htdocs\sisfo_akademik\system\Validation\StrictRules\Rules.php(187): CodeIgniter\Validation\Rules->is_unique('1A', 'kelas.nama_kela...', Array)
#6 C:\xampp\htdocs\sisfo_akademik\system\Validation\Validation.php(337): CodeIgniter\Validation\StrictRules\Rules->is_unique('1A', 'kelas.nama_kela...', Array, NULL, 'nama_kelas')
#7 C:\xampp\htdocs\sisfo_akademik\system\Validation\Validation.php(202): CodeIgniter\Validation\Validation->processRules('nama_kelas', 'nama_kelas', '1A', Array, Array, 'nama_kelas')
#8 C:\xampp\htdocs\sisfo_akademik\system\Controller.php(138): CodeIgniter\Validation\Validation->run()
#9 C:\xampp\htdocs\sisfo_akademik\app\Controllers\AdminController.php(679): CodeIgniter\Controller->validate(Array, Array)
#10 C:\xampp\htdocs\sisfo_akademik\system\CodeIgniter.php(933): App\Controllers\AdminController->dataKelasStore()
#11 C:\xampp\htdocs\sisfo_akademik\system\CodeIgniter.php(507): CodeIgniter\CodeIgniter->runController(Object(App\Controllers\AdminController))
#12 C:\xampp\htdocs\sisfo_akademik\system\CodeIgniter.php(354): CodeIgniter\CodeIgniter->handleRequest(NULL, Object(Config\Cache), false)
#13 C:\xampp\htdocs\sisfo_akademik\system\Boot.php(334): CodeIgniter\CodeIgniter->run()
#14 C:\xampp\htdocs\sisfo_akademik\system\Boot.php(67): CodeIgniter\Boot::runCodeIgniter(Object(CodeIgniter\CodeIgniter))
#15 C:\xampp\htdocs\sisfo_akademik\public\index.php(56): CodeIgniter\Boot::bootWeb(Object(Config\Paths))
#16 C:\xampp\htdocs\sisfo_akademik\system\rewrite.php(44): require_once('C:\\xampp\\htdocs...')
#17 {main}
CRITICAL - 2025-05-15 04:38:15 --> CodeIgniter\Database\Exceptions\DatabaseException: Table 'sisfo_akademik.kelas' doesn't exist
[Method: POST, Route: admin/tambah-kelas]
in SYSTEMPATH\Database\BaseConnection.php on line 692.
 1 SYSTEMPATH\Database\BaseBuilder.php(1649): CodeIgniter\Database\BaseConnection->query('SELECT 1
FROM `kelas`
WHERE `nama_kelas` = :nama_kelas:
 LIMIT 1', [...], false)
 2 SYSTEMPATH\Validation\Rules.php(175): CodeIgniter\Database\BaseBuilder->get()
 3 SYSTEMPATH\Validation\StrictRules\Rules.php(187): CodeIgniter\Validation\Rules->is_unique('1A', 'kelas.nama_kelas', [...])
 4 SYSTEMPATH\Validation\Validation.php(337): CodeIgniter\Validation\StrictRules\Rules->is_unique('1A', 'kelas.nama_kelas', [...], null, 'nama_kelas')
 5 SYSTEMPATH\Validation\Validation.php(202): CodeIgniter\Validation\Validation->processRules('nama_kelas', 'nama_kelas', '1A', [...], [...], 'nama_kelas')
 6 SYSTEMPATH\Controller.php(138): CodeIgniter\Validation\Validation->run()
 7 APPPATH\Controllers\AdminController.php(679): CodeIgniter\Controller->validate([...], [...])
 8 SYSTEMPATH\CodeIgniter.php(933): App\Controllers\AdminController->dataKelasStore()
 9 SYSTEMPATH\CodeIgniter.php(507): CodeIgniter\CodeIgniter->runController(Object(App\Controllers\AdminController))
10 SYSTEMPATH\CodeIgniter.php(354): CodeIgniter\CodeIgniter->handleRequest(null, Object(Config\Cache), false)
11 SYSTEMPATH\Boot.php(334): CodeIgniter\CodeIgniter->run()
12 SYSTEMPATH\Boot.php(67): CodeIgniter\Boot::runCodeIgniter(Object(CodeIgniter\CodeIgniter))
13 FCPATH\index.php(56): CodeIgniter\Boot::bootWeb(Object(Config\Paths))
14 SYSTEMPATH\rewrite.php(44): require_once('C:\\xampp\\htdocs\\sisfo_akademik\\public\\index.php')
CRITICAL - 2025-05-15 04:38:15 --> [Caused by] CodeIgniter\Database\Exceptions\DatabaseException: Table 'sisfo_akademik.kelas' doesn't exist
in SYSTEMPATH\Database\MySQLi\Connection.php on line 332.
 1 SYSTEMPATH\Database\BaseConnection.php(738): CodeIgniter\Database\MySQLi\Connection->execute('SELECT 1
FROM `kelas`
WHERE `nama_kelas` = \'1A\'
 LIMIT 1')
 2 SYSTEMPATH\Database\BaseConnection.php(652): CodeIgniter\Database\BaseConnection->simpleQuery('SELECT 1
FROM `kelas`
WHERE `nama_kelas` = \'1A\'
 LIMIT 1')
 3 SYSTEMPATH\Database\BaseBuilder.php(1649): CodeIgniter\Database\BaseConnection->query('SELECT 1
FROM `kelas`
WHERE `nama_kelas` = :nama_kelas:
 LIMIT 1', [...], false)
 4 SYSTEMPATH\Validation\Rules.php(175): CodeIgniter\Database\BaseBuilder->get()
 5 SYSTEMPATH\Validation\StrictRules\Rules.php(187): CodeIgniter\Validation\Rules->is_unique('1A', 'kelas.nama_kelas', [...])
 6 SYSTEMPATH\Validation\Validation.php(337): CodeIgniter\Validation\StrictRules\Rules->is_unique('1A', 'kelas.nama_kelas', [...], null, 'nama_kelas')
 7 SYSTEMPATH\Validation\Validation.php(202): CodeIgniter\Validation\Validation->processRules('nama_kelas', 'nama_kelas', '1A', [...], [...], 'nama_kelas')
 8 SYSTEMPATH\Controller.php(138): CodeIgniter\Validation\Validation->run()
 9 APPPATH\Controllers\AdminController.php(679): CodeIgniter\Controller->validate([...], [...])
10 SYSTEMPATH\CodeIgniter.php(933): App\Controllers\AdminController->dataKelasStore()
11 SYSTEMPATH\CodeIgniter.php(507): CodeIgniter\CodeIgniter->runController(Object(App\Controllers\AdminController))
12 SYSTEMPATH\CodeIgniter.php(354): CodeIgniter\CodeIgniter->handleRequest(null, Object(Config\Cache), false)
13 SYSTEMPATH\Boot.php(334): CodeIgniter\CodeIgniter->run()
14 SYSTEMPATH\Boot.php(67): CodeIgniter\Boot::runCodeIgniter(Object(CodeIgniter\CodeIgniter))
15 FCPATH\index.php(56): CodeIgniter\Boot::bootWeb(Object(Config\Paths))
16 SYSTEMPATH\rewrite.php(44): require_once('C:\\xampp\\htdocs\\sisfo_akademik\\public\\index.php')
CRITICAL - 2025-05-15 04:38:15 --> [Caused by] mysqli_sql_exception: Table 'sisfo_akademik.kelas' doesn't exist
in SYSTEMPATH\Database\MySQLi\Connection.php on line 327.
 1 SYSTEMPATH\Database\MySQLi\Connection.php(327): mysqli->query('SELECT 1
FROM `kelas`
WHERE `nama_kelas` = \'1A\'
 LIMIT 1', 0)
 2 SYSTEMPATH\Database\BaseConnection.php(738): CodeIgniter\Database\MySQLi\Connection->execute('SELECT 1
FROM `kelas`
WHERE `nama_kelas` = \'1A\'
 LIMIT 1')
 3 SYSTEMPATH\Database\BaseConnection.php(652): CodeIgniter\Database\BaseConnection->simpleQuery('SELECT 1
FROM `kelas`
WHERE `nama_kelas` = \'1A\'
 LIMIT 1')
 4 SYSTEMPATH\Database\BaseBuilder.php(1649): CodeIgniter\Database\BaseConnection->query('SELECT 1
FROM `kelas`
WHERE `nama_kelas` = :nama_kelas:
 LIMIT 1', [...], false)
 5 SYSTEMPATH\Validation\Rules.php(175): CodeIgniter\Database\BaseBuilder->get()
 6 SYSTEMPATH\Validation\StrictRules\Rules.php(187): CodeIgniter\Validation\Rules->is_unique('1A', 'kelas.nama_kelas', [...])
 7 SYSTEMPATH\Validation\Validation.php(337): CodeIgniter\Validation\StrictRules\Rules->is_unique('1A', 'kelas.nama_kelas', [...], null, 'nama_kelas')
 8 SYSTEMPATH\Validation\Validation.php(202): CodeIgniter\Validation\Validation->processRules('nama_kelas', 'nama_kelas', '1A', [...], [...], 'nama_kelas')
 9 SYSTEMPATH\Controller.php(138): CodeIgniter\Validation\Validation->run()
10 APPPATH\Controllers\AdminController.php(679): CodeIgniter\Controller->validate([...], [...])
11 SYSTEMPATH\CodeIgniter.php(933): App\Controllers\AdminController->dataKelasStore()
12 SYSTEMPATH\CodeIgniter.php(507): CodeIgniter\CodeIgniter->runController(Object(App\Controllers\AdminController))
13 SYSTEMPATH\CodeIgniter.php(354): CodeIgniter\CodeIgniter->handleRequest(null, Object(Config\Cache), false)
14 SYSTEMPATH\Boot.php(334): CodeIgniter\CodeIgniter->run()
15 SYSTEMPATH\Boot.php(67): CodeIgniter\Boot::runCodeIgniter(Object(CodeIgniter\CodeIgniter))
16 FCPATH\index.php(56): CodeIgniter\Boot::bootWeb(Object(Config\Paths))
17 SYSTEMPATH\rewrite.php(44): require_once('C:\\xampp\\htdocs\\sisfo_akademik\\public\\index.php')
DEBUG - 2025-05-15 04:39:21 --> Session: Class initialized using 'CodeIgniter\Session\Handlers\FileHandler' driver.
ERROR - 2025-05-15 04:39:21 --> mysqli_sql_exception: Table 'sisfo_akademik.kelas' doesn't exist in C:\xampp\htdocs\sisfo_akademik\system\Database\MySQLi\Connection.php:327
Stack trace:
#0 C:\xampp\htdocs\sisfo_akademik\system\Database\MySQLi\Connection.php(327): mysqli->query('SELECT 1\nFROM `...', 0)
#1 C:\xampp\htdocs\sisfo_akademik\system\Database\BaseConnection.php(738): CodeIgniter\Database\MySQLi\Connection->execute('SELECT 1\nFROM `...')
#2 C:\xampp\htdocs\sisfo_akademik\system\Database\BaseConnection.php(652): CodeIgniter\Database\BaseConnection->simpleQuery('SELECT 1\nFROM `...')
#3 C:\xampp\htdocs\sisfo_akademik\system\Database\BaseBuilder.php(1649): CodeIgniter\Database\BaseConnection->query('SELECT 1\nFROM `...', Array, false)
#4 C:\xampp\htdocs\sisfo_akademik\system\Validation\Rules.php(175): CodeIgniter\Database\BaseBuilder->get()
#5 C:\xampp\htdocs\sisfo_akademik\system\Validation\StrictRules\Rules.php(187): CodeIgniter\Validation\Rules->is_unique('1A', 'kelas.nama_kela...', Array)
#6 C:\xampp\htdocs\sisfo_akademik\system\Validation\Validation.php(337): CodeIgniter\Validation\StrictRules\Rules->is_unique('1A', 'kelas.nama_kela...', Array, NULL, 'nama_kelas')
#7 C:\xampp\htdocs\sisfo_akademik\system\Validation\Validation.php(202): CodeIgniter\Validation\Validation->processRules('nama_kelas', 'nama_kelas', '1A', Array, Array, 'nama_kelas')
#8 C:\xampp\htdocs\sisfo_akademik\system\Controller.php(138): CodeIgniter\Validation\Validation->run()
#9 C:\xampp\htdocs\sisfo_akademik\app\Controllers\AdminController.php(679): CodeIgniter\Controller->validate(Array, Array)
#10 C:\xampp\htdocs\sisfo_akademik\system\CodeIgniter.php(933): App\Controllers\AdminController->dataKelasStore()
#11 C:\xampp\htdocs\sisfo_akademik\system\CodeIgniter.php(507): CodeIgniter\CodeIgniter->runController(Object(App\Controllers\AdminController))
#12 C:\xampp\htdocs\sisfo_akademik\system\CodeIgniter.php(354): CodeIgniter\CodeIgniter->handleRequest(NULL, Object(Config\Cache), false)
#13 C:\xampp\htdocs\sisfo_akademik\system\Boot.php(334): CodeIgniter\CodeIgniter->run()
#14 C:\xampp\htdocs\sisfo_akademik\system\Boot.php(67): CodeIgniter\Boot::runCodeIgniter(Object(CodeIgniter\CodeIgniter))
#15 C:\xampp\htdocs\sisfo_akademik\public\index.php(56): CodeIgniter\Boot::bootWeb(Object(Config\Paths))
#16 C:\xampp\htdocs\sisfo_akademik\system\rewrite.php(44): require_once('C:\\xampp\\htdocs...')
#17 {main}
CRITICAL - 2025-05-15 04:39:21 --> CodeIgniter\Database\Exceptions\DatabaseException: Table 'sisfo_akademik.kelas' doesn't exist
[Method: POST, Route: admin/tambah-kelas]
in SYSTEMPATH\Database\BaseConnection.php on line 692.
 1 SYSTEMPATH\Database\BaseBuilder.php(1649): CodeIgniter\Database\BaseConnection->query('SELECT 1
FROM `kelas`
WHERE `nama_kelas` = :nama_kelas:
 LIMIT 1', [...], false)
 2 SYSTEMPATH\Validation\Rules.php(175): CodeIgniter\Database\BaseBuilder->get()
 3 SYSTEMPATH\Validation\StrictRules\Rules.php(187): CodeIgniter\Validation\Rules->is_unique('1A', 'kelas.nama_kelas', [...])
 4 SYSTEMPATH\Validation\Validation.php(337): CodeIgniter\Validation\StrictRules\Rules->is_unique('1A', 'kelas.nama_kelas', [...], null, 'nama_kelas')
 5 SYSTEMPATH\Validation\Validation.php(202): CodeIgniter\Validation\Validation->processRules('nama_kelas', 'nama_kelas', '1A', [...], [...], 'nama_kelas')
 6 SYSTEMPATH\Controller.php(138): CodeIgniter\Validation\Validation->run()
 7 APPPATH\Controllers\AdminController.php(679): CodeIgniter\Controller->validate([...], [...])
 8 SYSTEMPATH\CodeIgniter.php(933): App\Controllers\AdminController->dataKelasStore()
 9 SYSTEMPATH\CodeIgniter.php(507): CodeIgniter\CodeIgniter->runController(Object(App\Controllers\AdminController))
10 SYSTEMPATH\CodeIgniter.php(354): CodeIgniter\CodeIgniter->handleRequest(null, Object(Config\Cache), false)
11 SYSTEMPATH\Boot.php(334): CodeIgniter\CodeIgniter->run()
12 SYSTEMPATH\Boot.php(67): CodeIgniter\Boot::runCodeIgniter(Object(CodeIgniter\CodeIgniter))
13 FCPATH\index.php(56): CodeIgniter\Boot::bootWeb(Object(Config\Paths))
14 SYSTEMPATH\rewrite.php(44): require_once('C:\\xampp\\htdocs\\sisfo_akademik\\public\\index.php')
CRITICAL - 2025-05-15 04:39:21 --> [Caused by] CodeIgniter\Database\Exceptions\DatabaseException: Table 'sisfo_akademik.kelas' doesn't exist
in SYSTEMPATH\Database\MySQLi\Connection.php on line 332.
 1 SYSTEMPATH\Database\BaseConnection.php(738): CodeIgniter\Database\MySQLi\Connection->execute('SELECT 1
FROM `kelas`
WHERE `nama_kelas` = \'1A\'
 LIMIT 1')
 2 SYSTEMPATH\Database\BaseConnection.php(652): CodeIgniter\Database\BaseConnection->simpleQuery('SELECT 1
FROM `kelas`
WHERE `nama_kelas` = \'1A\'
 LIMIT 1')
 3 SYSTEMPATH\Database\BaseBuilder.php(1649): CodeIgniter\Database\BaseConnection->query('SELECT 1
FROM `kelas`
WHERE `nama_kelas` = :nama_kelas:
 LIMIT 1', [...], false)
 4 SYSTEMPATH\Validation\Rules.php(175): CodeIgniter\Database\BaseBuilder->get()
 5 SYSTEMPATH\Validation\StrictRules\Rules.php(187): CodeIgniter\Validation\Rules->is_unique('1A', 'kelas.nama_kelas', [...])
 6 SYSTEMPATH\Validation\Validation.php(337): CodeIgniter\Validation\StrictRules\Rules->is_unique('1A', 'kelas.nama_kelas', [...], null, 'nama_kelas')
 7 SYSTEMPATH\Validation\Validation.php(202): CodeIgniter\Validation\Validation->processRules('nama_kelas', 'nama_kelas', '1A', [...], [...], 'nama_kelas')
 8 SYSTEMPATH\Controller.php(138): CodeIgniter\Validation\Validation->run()
 9 APPPATH\Controllers\AdminController.php(679): CodeIgniter\Controller->validate([...], [...])
10 SYSTEMPATH\CodeIgniter.php(933): App\Controllers\AdminController->dataKelasStore()
11 SYSTEMPATH\CodeIgniter.php(507): CodeIgniter\CodeIgniter->runController(Object(App\Controllers\AdminController))
12 SYSTEMPATH\CodeIgniter.php(354): CodeIgniter\CodeIgniter->handleRequest(null, Object(Config\Cache), false)
13 SYSTEMPATH\Boot.php(334): CodeIgniter\CodeIgniter->run()
14 SYSTEMPATH\Boot.php(67): CodeIgniter\Boot::runCodeIgniter(Object(CodeIgniter\CodeIgniter))
15 FCPATH\index.php(56): CodeIgniter\Boot::bootWeb(Object(Config\Paths))
16 SYSTEMPATH\rewrite.php(44): require_once('C:\\xampp\\htdocs\\sisfo_akademik\\public\\index.php')
CRITICAL - 2025-05-15 04:39:21 --> [Caused by] mysqli_sql_exception: Table 'sisfo_akademik.kelas' doesn't exist
in SYSTEMPATH\Database\MySQLi\Connection.php on line 327.
 1 SYSTEMPATH\Database\MySQLi\Connection.php(327): mysqli->query('SELECT 1
FROM `kelas`
WHERE `nama_kelas` = \'1A\'
 LIMIT 1', 0)
 2 SYSTEMPATH\Database\BaseConnection.php(738): CodeIgniter\Database\MySQLi\Connection->execute('SELECT 1
FROM `kelas`
WHERE `nama_kelas` = \'1A\'
 LIMIT 1')
 3 SYSTEMPATH\Database\BaseConnection.php(652): CodeIgniter\Database\BaseConnection->simpleQuery('SELECT 1
FROM `kelas`
WHERE `nama_kelas` = \'1A\'
 LIMIT 1')
 4 SYSTEMPATH\Database\BaseBuilder.php(1649): CodeIgniter\Database\BaseConnection->query('SELECT 1
FROM `kelas`
WHERE `nama_kelas` = :nama_kelas:
 LIMIT 1', [...], false)
 5 SYSTEMPATH\Validation\Rules.php(175): CodeIgniter\Database\BaseBuilder->get()
 6 SYSTEMPATH\Validation\StrictRules\Rules.php(187): CodeIgniter\Validation\Rules->is_unique('1A', 'kelas.nama_kelas', [...])
 7 SYSTEMPATH\Validation\Validation.php(337): CodeIgniter\Validation\StrictRules\Rules->is_unique('1A', 'kelas.nama_kelas', [...], null, 'nama_kelas')
 8 SYSTEMPATH\Validation\Validation.php(202): CodeIgniter\Validation\Validation->processRules('nama_kelas', 'nama_kelas', '1A', [...], [...], 'nama_kelas')
 9 SYSTEMPATH\Controller.php(138): CodeIgniter\Validation\Validation->run()
10 APPPATH\Controllers\AdminController.php(679): CodeIgniter\Controller->validate([...], [...])
11 SYSTEMPATH\CodeIgniter.php(933): App\Controllers\AdminController->dataKelasStore()
12 SYSTEMPATH\CodeIgniter.php(507): CodeIgniter\CodeIgniter->runController(Object(App\Controllers\AdminController))
13 SYSTEMPATH\CodeIgniter.php(354): CodeIgniter\CodeIgniter->handleRequest(null, Object(Config\Cache), false)
14 SYSTEMPATH\Boot.php(334): CodeIgniter\CodeIgniter->run()
15 SYSTEMPATH\Boot.php(67): CodeIgniter\Boot::runCodeIgniter(Object(CodeIgniter\CodeIgniter))
16 FCPATH\index.php(56): CodeIgniter\Boot::bootWeb(Object(Config\Paths))
17 SYSTEMPATH\rewrite.php(44): require_once('C:\\xampp\\htdocs\\sisfo_akademik\\public\\index.php')
DEBUG - 2025-05-15 04:40:26 --> Session: Class initialized using 'CodeIgniter\Session\Handlers\FileHandler' driver.
DEBUG - 2025-05-15 04:41:02 --> Session: Class initialized using 'CodeIgniter\Session\Handlers\FileHandler' driver.
CRITICAL - 2025-05-15 05:04:53 --> ErrorException: Undefined variable $kelas
[Method: GET, Route: admin/siswa]
in APPPATH\Views\backend\pages\modal\siswa_modal_form.php on line 70.
 1 APPPATH\Views\backend\pages\modal\siswa_modal_form.php(70): CodeIgniter\Debug\Exceptions->errorHandler(2, 'Undefined variable $kelas', 'C:\\xampp\\htdocs\\sisfo_akademik\\app\\Views\\backend\\pages\\modal\\siswa_modal_form.php', 70)
 2 APPPATH\Views\backend\pages\pageSiswa.php(51): include('C:\\xampp\\htdocs\\sisfo_akademik\\app\\Views\\backend\\pages\\modal\\siswa_modal_form.php')
 3 SYSTEMPATH\View\View.php(224): include('C:\\xampp\\htdocs\\sisfo_akademik\\app\\Views\\backend\\pages\\pageSiswa.php')
 4 SYSTEMPATH\View\View.php(227): CodeIgniter\View\View->CodeIgniter\View\{closure}()
 5 SYSTEMPATH\Common.php(1173): CodeIgniter\View\View->render('backend/pages/pageSiswa', [], true)
 6 APPPATH\Controllers\AdminController.php(415): view('backend/pages/pageSiswa', [...])
 7 SYSTEMPATH\CodeIgniter.php(933): App\Controllers\AdminController->pageSiswa()
 8 SYSTEMPATH\CodeIgniter.php(507): CodeIgniter\CodeIgniter->runController(Object(App\Controllers\AdminController))
 9 SYSTEMPATH\CodeIgniter.php(354): CodeIgniter\CodeIgniter->handleRequest(null, Object(Config\Cache), false)
10 SYSTEMPATH\Boot.php(334): CodeIgniter\CodeIgniter->run()
11 SYSTEMPATH\Boot.php(67): CodeIgniter\Boot::runCodeIgniter(Object(CodeIgniter\CodeIgniter))
12 FCPATH\index.php(56): CodeIgniter\Boot::bootWeb(Object(Config\Paths))
13 SYSTEMPATH\rewrite.php(44): require_once('C:\\xampp\\htdocs\\sisfo_akademik\\public\\index.php')
CRITICAL - 2025-05-15 05:05:26 --> ErrorException: Undefined variable $kelas
[Method: GET, Route: admin/siswa]
in APPPATH\Views\backend\pages\modal\siswa_modal_form.php on line 70.
 1 APPPATH\Views\backend\pages\modal\siswa_modal_form.php(70): CodeIgniter\Debug\Exceptions->errorHandler(2, 'Undefined variable $kelas', 'C:\\xampp\\htdocs\\sisfo_akademik\\app\\Views\\backend\\pages\\modal\\siswa_modal_form.php', 70)
 2 APPPATH\Views\backend\pages\pageSiswa.php(51): include('C:\\xampp\\htdocs\\sisfo_akademik\\app\\Views\\backend\\pages\\modal\\siswa_modal_form.php')
 3 SYSTEMPATH\View\View.php(224): include('C:\\xampp\\htdocs\\sisfo_akademik\\app\\Views\\backend\\pages\\pageSiswa.php')
 4 SYSTEMPATH\View\View.php(227): CodeIgniter\View\View->CodeIgniter\View\{closure}()
 5 SYSTEMPATH\Common.php(1173): CodeIgniter\View\View->render('backend/pages/pageSiswa', [], true)
 6 APPPATH\Controllers\AdminController.php(415): view('backend/pages/pageSiswa', [...])
 7 SYSTEMPATH\CodeIgniter.php(933): App\Controllers\AdminController->pageSiswa()
 8 SYSTEMPATH\CodeIgniter.php(507): CodeIgniter\CodeIgniter->runController(Object(App\Controllers\AdminController))
 9 SYSTEMPATH\CodeIgniter.php(354): CodeIgniter\CodeIgniter->handleRequest(null, Object(Config\Cache), false)
10 SYSTEMPATH\Boot.php(334): CodeIgniter\CodeIgniter->run()
11 SYSTEMPATH\Boot.php(67): CodeIgniter\Boot::runCodeIgniter(Object(CodeIgniter\CodeIgniter))
12 FCPATH\index.php(56): CodeIgniter\Boot::bootWeb(Object(Config\Paths))
13 SYSTEMPATH\rewrite.php(44): require_once('C:\\xampp\\htdocs\\sisfo_akademik\\public\\index.php')
DEBUG - 2025-05-15 05:10:17 --> Session: Class initialized using 'CodeIgniter\Session\Handlers\FileHandler' driver.
DEBUG - 2025-05-15 05:10:22 --> Session: Class initialized using 'CodeIgniter\Session\Handlers\FileHandler' driver.
DEBUG - 2025-05-15 05:12:09 --> Session: Class initialized using 'CodeIgniter\Session\Handlers\FileHandler' driver.
DEBUG - 2025-05-15 05:12:11 --> Session: Class initialized using 'CodeIgniter\Session\Handlers\FileHandler' driver.
DEBUG - 2025-05-15 05:12:25 --> Session: Class initialized using 'CodeIgniter\Session\Handlers\FileHandler' driver.
DEBUG - 2025-05-15 05:12:27 --> Session: Class initialized using 'CodeIgniter\Session\Handlers\FileHandler' driver.
DEBUG - 2025-05-15 05:14:13 --> Session: Class initialized using 'CodeIgniter\Session\Handlers\FileHandler' driver.
DEBUG - 2025-05-15 05:14:15 --> Session: Class initialized using 'CodeIgniter\Session\Handlers\FileHandler' driver.
CRITICAL - 2025-05-15 05:14:15 --> Error: Call to undefined method SSP::complex()
[Method: GET, Route: admin/datatables-kelas]
in APPPATH\Controllers\AdminController.php on line 761.
 1 SYSTEMPATH\CodeIgniter.php(933): App\Controllers\AdminController->datatablesKelas()
 2 SYSTEMPATH\CodeIgniter.php(507): CodeIgniter\CodeIgniter->runController(Object(App\Controllers\AdminController))
 3 SYSTEMPATH\CodeIgniter.php(354): CodeIgniter\CodeIgniter->handleRequest(null, Object(Config\Cache), false)
 4 SYSTEMPATH\Boot.php(334): CodeIgniter\CodeIgniter->run()
 5 SYSTEMPATH\Boot.php(67): CodeIgniter\Boot::runCodeIgniter(Object(CodeIgniter\CodeIgniter))
 6 FCPATH\index.php(56): CodeIgniter\Boot::bootWeb(Object(Config\Paths))
 7 SYSTEMPATH\rewrite.php(44): require_once('C:\\xampp\\htdocs\\sisfo_akademik\\public\\index.php')
DEBUG - 2025-05-15 05:20:10 --> Session: Class initialized using 'CodeIgniter\Session\Handlers\FileHandler' driver.
DEBUG - 2025-05-15 05:20:12 --> Session: Class initialized using 'CodeIgniter\Session\Handlers\FileHandler' driver.
DEBUG - 2025-05-15 05:20:45 --> Session: Class initialized using 'CodeIgniter\Session\Handlers\FileHandler' driver.
DEBUG - 2025-05-15 05:20:47 --> Session: Class initialized using 'CodeIgniter\Session\Handlers\FileHandler' driver.
CRITICAL - 2025-05-15 05:20:47 --> ArgumentCountError: Too few arguments to function App\Controllers\AdminController::App\Controllers\{closure}(), 2 passed in C:\xampp\htdocs\sisfo_akademik\app\ThirdParty\ssp.php on line 50 and exactly 3 expected
[Method: GET, Route: admin/datatables-kelas]
in APPPATH\Controllers\AdminController.php on line 724.
 1 APPPATH\ThirdParty\ssp.php(50): App\Controllers\AdminController->App\Controllers\{closure}(1, [...])
 2 APPPATH\ThirdParty\ssp.php(284): SSP::data_output([...], [...], null)
 3 APPPATH\Controllers\AdminController.php(759): SSP::simple([...], [...], 'kelas', 'id', [...])
 4 SYSTEMPATH\CodeIgniter.php(933): App\Controllers\AdminController->datatablesKelas()
 5 SYSTEMPATH\CodeIgniter.php(507): CodeIgniter\CodeIgniter->runController(Object(App\Controllers\AdminController))
 6 SYSTEMPATH\CodeIgniter.php(354): CodeIgniter\CodeIgniter->handleRequest(null, Object(Config\Cache), false)
 7 SYSTEMPATH\Boot.php(334): CodeIgniter\CodeIgniter->run()
 8 SYSTEMPATH\Boot.php(67): CodeIgniter\Boot::runCodeIgniter(Object(CodeIgniter\CodeIgniter))
 9 FCPATH\index.php(56): CodeIgniter\Boot::bootWeb(Object(Config\Paths))
10 SYSTEMPATH\rewrite.php(44): require_once('C:\\xampp\\htdocs\\sisfo_akademik\\public\\index.php')
DEBUG - 2025-05-15 05:21:23 --> Session: Class initialized using 'CodeIgniter\Session\Handlers\FileHandler' driver.
DEBUG - 2025-05-15 05:21:25 --> Session: Class initialized using 'CodeIgniter\Session\Handlers\FileHandler' driver.
CRITICAL - 2025-05-15 05:21:26 --> ArgumentCountError: Too few arguments to function App\Controllers\AdminController::App\Controllers\{closure}(), 2 passed in C:\xampp\htdocs\sisfo_akademik\app\ThirdParty\ssp.php on line 50 and exactly 3 expected
[Method: GET, Route: admin/datatables-kelas]
in APPPATH\Controllers\AdminController.php on line 724.
 1 APPPATH\ThirdParty\ssp.php(50): App\Controllers\AdminController->App\Controllers\{closure}(1, [...])
 2 APPPATH\ThirdParty\ssp.php(284): SSP::data_output([...], [...], null)
 3 APPPATH\Controllers\AdminController.php(757): SSP::simple([...], [...], 'kelas', 'id', [...])
 4 SYSTEMPATH\CodeIgniter.php(933): App\Controllers\AdminController->datatablesKelas()
 5 SYSTEMPATH\CodeIgniter.php(507): CodeIgniter\CodeIgniter->runController(Object(App\Controllers\AdminController))
 6 SYSTEMPATH\CodeIgniter.php(354): CodeIgniter\CodeIgniter->handleRequest(null, Object(Config\Cache), false)
 7 SYSTEMPATH\Boot.php(334): CodeIgniter\CodeIgniter->run()
 8 SYSTEMPATH\Boot.php(67): CodeIgniter\Boot::runCodeIgniter(Object(CodeIgniter\CodeIgniter))
 9 FCPATH\index.php(56): CodeIgniter\Boot::bootWeb(Object(Config\Paths))
10 SYSTEMPATH\rewrite.php(44): require_once('C:\\xampp\\htdocs\\sisfo_akademik\\public\\index.php')
DEBUG - 2025-05-15 05:22:11 --> Session: Class initialized using 'CodeIgniter\Session\Handlers\FileHandler' driver.
DEBUG - 2025-05-15 05:22:13 --> Session: Class initialized using 'CodeIgniter\Session\Handlers\FileHandler' driver.
CRITICAL - 2025-05-15 05:22:13 --> ArgumentCountError: Too few arguments to function App\Controllers\AdminController::App\Controllers\{closure}(), 2 passed in C:\xampp\htdocs\sisfo_akademik\app\ThirdParty\ssp.php on line 50 and exactly 3 expected
[Method: GET, Route: admin/datatables-kelas]
in APPPATH\Controllers\AdminController.php on line 724.
 1 APPPATH\ThirdParty\ssp.php(50): App\Controllers\AdminController->App\Controllers\{closure}(1, [...])
 2 APPPATH\ThirdParty\ssp.php(284): SSP::data_output([...], [...], null)
 3 APPPATH\Controllers\AdminController.php(757): SSP::simple([...], [...], 'kelas', 'id', [...])
 4 SYSTEMPATH\CodeIgniter.php(933): App\Controllers\AdminController->datatablesKelas()
 5 SYSTEMPATH\CodeIgniter.php(507): CodeIgniter\CodeIgniter->runController(Object(App\Controllers\AdminController))
 6 SYSTEMPATH\CodeIgniter.php(354): CodeIgniter\CodeIgniter->handleRequest(null, Object(Config\Cache), false)
 7 SYSTEMPATH\Boot.php(334): CodeIgniter\CodeIgniter->run()
 8 SYSTEMPATH\Boot.php(67): CodeIgniter\Boot::runCodeIgniter(Object(CodeIgniter\CodeIgniter))
 9 FCPATH\index.php(56): CodeIgniter\Boot::bootWeb(Object(Config\Paths))
10 SYSTEMPATH\rewrite.php(44): require_once('C:\\xampp\\htdocs\\sisfo_akademik\\public\\index.php')
DEBUG - 2025-05-15 05:23:00 --> Session: Class initialized using 'CodeIgniter\Session\Handlers\FileHandler' driver.
DEBUG - 2025-05-15 05:23:02 --> Session: Class initialized using 'CodeIgniter\Session\Handlers\FileHandler' driver.
CRITICAL - 2025-05-15 05:23:02 --> ErrorException: Attempt to read property "nama" on array
[Method: GET, Route: admin/datatables-kelas]
in APPPATH\Controllers\AdminController.php on line 732.
 1 APPPATH\Controllers\AdminController.php(732): CodeIgniter\Debug\Exceptions->errorHandler(2, 'Attempt to read property "nama" on array', 'C:\\xampp\\htdocs\\sisfo_akademik\\app\\Controllers\\AdminController.php', 732)
 2 APPPATH\ThirdParty\ssp.php(50): App\Controllers\AdminController->App\Controllers\{closure}(1, [...])
 3 APPPATH\ThirdParty\ssp.php(284): SSP::data_output([...], [...], null)
 4 APPPATH\Controllers\AdminController.php(755): SSP::simple([...], [...], 'kelas', 'id', [...])
 5 SYSTEMPATH\CodeIgniter.php(933): App\Controllers\AdminController->datatablesKelas()
 6 SYSTEMPATH\CodeIgniter.php(507): CodeIgniter\CodeIgniter->runController(Object(App\Controllers\AdminController))
 7 SYSTEMPATH\CodeIgniter.php(354): CodeIgniter\CodeIgniter->handleRequest(null, Object(Config\Cache), false)
 8 SYSTEMPATH\Boot.php(334): CodeIgniter\CodeIgniter->run()
 9 SYSTEMPATH\Boot.php(67): CodeIgniter\Boot::runCodeIgniter(Object(CodeIgniter\CodeIgniter))
10 FCPATH\index.php(56): CodeIgniter\Boot::bootWeb(Object(Config\Paths))
11 SYSTEMPATH\rewrite.php(44): require_once('C:\\xampp\\htdocs\\sisfo_akademik\\public\\index.php')
DEBUG - 2025-05-15 05:24:20 --> Session: Class initialized using 'CodeIgniter\Session\Handlers\FileHandler' driver.
DEBUG - 2025-05-15 05:24:21 --> Session: Class initialized using 'CodeIgniter\Session\Handlers\FileHandler' driver.
CRITICAL - 2025-05-15 05:24:21 --> ErrorException: Attempt to read property "nama" on array
[Method: GET, Route: admin/datatables-kelas]
in APPPATH\Controllers\AdminController.php on line 733.
 1 APPPATH\Controllers\AdminController.php(733): CodeIgniter\Debug\Exceptions->errorHandler(2, 'Attempt to read property "nama" on array', 'C:\\xampp\\htdocs\\sisfo_akademik\\app\\Controllers\\AdminController.php', 733)
 2 APPPATH\ThirdParty\ssp.php(50): App\Controllers\AdminController->App\Controllers\{closure}(1, [...])
 3 APPPATH\ThirdParty\ssp.php(284): SSP::data_output([...], [...], null)
 4 APPPATH\Controllers\AdminController.php(756): SSP::simple([...], [...], 'kelas', 'id', [...])
 5 SYSTEMPATH\CodeIgniter.php(933): App\Controllers\AdminController->datatablesKelas()
 6 SYSTEMPATH\CodeIgniter.php(507): CodeIgniter\CodeIgniter->runController(Object(App\Controllers\AdminController))
 7 SYSTEMPATH\CodeIgniter.php(354): CodeIgniter\CodeIgniter->handleRequest(null, Object(Config\Cache), false)
 8 SYSTEMPATH\Boot.php(334): CodeIgniter\CodeIgniter->run()
 9 SYSTEMPATH\Boot.php(67): CodeIgniter\Boot::runCodeIgniter(Object(CodeIgniter\CodeIgniter))
10 FCPATH\index.php(56): CodeIgniter\Boot::bootWeb(Object(Config\Paths))
11 SYSTEMPATH\rewrite.php(44): require_once('C:\\xampp\\htdocs\\sisfo_akademik\\public\\index.php')
DEBUG - 2025-05-15 05:24:41 --> Session: Class initialized using 'CodeIgniter\Session\Handlers\FileHandler' driver.
DEBUG - 2025-05-15 05:24:43 --> Session: Class initialized using 'CodeIgniter\Session\Handlers\FileHandler' driver.
CRITICAL - 2025-05-15 05:24:43 --> ErrorException: Attempt to read property "nama" on array
[Method: GET, Route: admin/datatables-kelas]
in APPPATH\Controllers\AdminController.php on line 733.
 1 APPPATH\Controllers\AdminController.php(733): CodeIgniter\Debug\Exceptions->errorHandler(2, 'Attempt to read property "nama" on array', 'C:\\xampp\\htdocs\\sisfo_akademik\\app\\Controllers\\AdminController.php', 733)
 2 APPPATH\ThirdParty\ssp.php(50): App\Controllers\AdminController->App\Controllers\{closure}(1, [...])
 3 APPPATH\ThirdParty\ssp.php(284): SSP::data_output([...], [...], null)
 4 APPPATH\Controllers\AdminController.php(756): SSP::simple([...], [...], 'kelas', 'id', [...])
 5 SYSTEMPATH\CodeIgniter.php(933): App\Controllers\AdminController->datatablesKelas()
 6 SYSTEMPATH\CodeIgniter.php(507): CodeIgniter\CodeIgniter->runController(Object(App\Controllers\AdminController))
 7 SYSTEMPATH\CodeIgniter.php(354): CodeIgniter\CodeIgniter->handleRequest(null, Object(Config\Cache), false)
 8 SYSTEMPATH\Boot.php(334): CodeIgniter\CodeIgniter->run()
 9 SYSTEMPATH\Boot.php(67): CodeIgniter\Boot::runCodeIgniter(Object(CodeIgniter\CodeIgniter))
10 FCPATH\index.php(56): CodeIgniter\Boot::bootWeb(Object(Config\Paths))
11 SYSTEMPATH\rewrite.php(44): require_once('C:\\xampp\\htdocs\\sisfo_akademik\\public\\index.php')
DEBUG - 2025-05-15 05:25:42 --> Session: Class initialized using 'CodeIgniter\Session\Handlers\FileHandler' driver.
DEBUG - 2025-05-15 05:25:43 --> Session: Class initialized using 'CodeIgniter\Session\Handlers\FileHandler' driver.
DEBUG - 2025-05-15 05:25:48 --> Session: Class initialized using 'CodeIgniter\Session\Handlers\FileHandler' driver.
DEBUG - 2025-05-15 05:25:49 --> Session: Class initialized using 'CodeIgniter\Session\Handlers\FileHandler' driver.
DEBUG - 2025-05-15 05:46:57 --> Session: Class initialized using 'CodeIgniter\Session\Handlers\FileHandler' driver.
DEBUG - 2025-05-15 05:46:58 --> Session: Class initialized using 'CodeIgniter\Session\Handlers\FileHandler' driver.
DEBUG - 2025-05-15 05:49:53 --> Session: Class initialized using 'CodeIgniter\Session\Handlers\FileHandler' driver.
DEBUG - 2025-05-15 05:49:55 --> Session: Class initialized using 'CodeIgniter\Session\Handlers\FileHandler' driver.
DEBUG - 2025-05-15 05:49:59 --> Session: Class initialized using 'CodeIgniter\Session\Handlers\FileHandler' driver.
DEBUG - 2025-05-15 05:50:00 --> Session: Class initialized using 'CodeIgniter\Session\Handlers\FileHandler' driver.
DEBUG - 2025-05-15 05:50:02 --> Session: Class initialized using 'CodeIgniter\Session\Handlers\FileHandler' driver.
DEBUG - 2025-05-15 05:50:03 --> Session: Class initialized using 'CodeIgniter\Session\Handlers\FileHandler' driver.
DEBUG - 2025-05-15 05:50:31 --> Session: Class initialized using 'CodeIgniter\Session\Handlers\FileHandler' driver.
DEBUG - 2025-05-15 05:50:32 --> Session: Class initialized using 'CodeIgniter\Session\Handlers\FileHandler' driver.
DEBUG - 2025-05-15 05:52:39 --> Session: Class initialized using 'CodeIgniter\Session\Handlers\FileHandler' driver.
DEBUG - 2025-05-15 05:52:40 --> Session: Class initialized using 'CodeIgniter\Session\Handlers\FileHandler' driver.
DEBUG - 2025-05-15 05:52:42 --> Session: Class initialized using 'CodeIgniter\Session\Handlers\FileHandler' driver.
DEBUG - 2025-05-15 05:52:43 --> Session: Class initialized using 'CodeIgniter\Session\Handlers\FileHandler' driver.
DEBUG - 2025-05-15 06:14:00 --> Session: Class initialized using 'CodeIgniter\Session\Handlers\FileHandler' driver.
DEBUG - 2025-05-15 06:14:02 --> Session: Class initialized using 'CodeIgniter\Session\Handlers\FileHandler' driver.
DEBUG - 2025-05-15 06:14:34 --> Session: Class initialized using 'CodeIgniter\Session\Handlers\FileHandler' driver.
DEBUG - 2025-05-15 06:14:35 --> Session: Class initialized using 'CodeIgniter\Session\Handlers\FileHandler' driver.
DEBUG - 2025-05-15 06:14:43 --> Session: Class initialized using 'CodeIgniter\Session\Handlers\FileHandler' driver.
DEBUG - 2025-05-15 06:14:45 --> Session: Class initialized using 'CodeIgniter\Session\Handlers\FileHandler' driver.
DEBUG - 2025-05-15 06:16:18 --> Session: Class initialized using 'CodeIgniter\Session\Handlers\FileHandler' driver.
DEBUG - 2025-05-15 06:16:20 --> Session: Class initialized using 'CodeIgniter\Session\Handlers\FileHandler' driver.
DEBUG - 2025-05-15 06:18:12 --> Session: Class initialized using 'CodeIgniter\Session\Handlers\FileHandler' driver.
DEBUG - 2025-05-15 06:18:13 --> Session: Class initialized using 'CodeIgniter\Session\Handlers\FileHandler' driver.
DEBUG - 2025-05-15 06:18:31 --> Session: Class initialized using 'CodeIgniter\Session\Handlers\FileHandler' driver.
DEBUG - 2025-05-15 06:18:33 --> Session: Class initialized using 'CodeIgniter\Session\Handlers\FileHandler' driver.
DEBUG - 2025-05-15 06:19:09 --> Session: Class initialized using 'CodeIgniter\Session\Handlers\FileHandler' driver.
DEBUG - 2025-05-15 06:19:10 --> Session: Class initialized using 'CodeIgniter\Session\Handlers\FileHandler' driver.
DEBUG - 2025-05-15 06:19:11 --> Session: Class initialized using 'CodeIgniter\Session\Handlers\FileHandler' driver.
DEBUG - 2025-05-15 08:25:37 --> Session: Class initialized using 'CodeIgniter\Session\Handlers\FileHandler' driver.
DEBUG - 2025-05-15 08:26:12 --> Session: Class initialized using 'CodeIgniter\Session\Handlers\FileHandler' driver.
DEBUG - 2025-05-15 08:26:14 --> Session: Class initialized using 'CodeIgniter\Session\Handlers\FileHandler' driver.
DEBUG - 2025-05-15 08:26:16 --> Session: Class initialized using 'CodeIgniter\Session\Handlers\FileHandler' driver.
DEBUG - 2025-05-15 08:26:21 --> Session: Class initialized using 'CodeIgniter\Session\Handlers\FileHandler' driver.
DEBUG - 2025-05-15 08:26:24 --> Session: Class initialized using 'CodeIgniter\Session\Handlers\FileHandler' driver.
DEBUG - 2025-05-15 08:26:24 --> Session: Class initialized using 'CodeIgniter\Session\Handlers\FileHandler' driver.
DEBUG - 2025-05-15 08:26:30 --> Session: Class initialized using 'CodeIgniter\Session\Handlers\FileHandler' driver.
DEBUG - 2025-05-15 08:26:33 --> Session: Class initialized using 'CodeIgniter\Session\Handlers\FileHandler' driver.
DEBUG - 2025-05-15 08:29:55 --> Session: Class initialized using 'CodeIgniter\Session\Handlers\FileHandler' driver.
DEBUG - 2025-05-15 08:29:55 --> Session: Class initialized using 'CodeIgniter\Session\Handlers\FileHandler' driver.
DEBUG - 2025-05-15 08:33:45 --> Session: Class initialized using 'CodeIgniter\Session\Handlers\FileHandler' driver.
DEBUG - 2025-05-15 08:33:47 --> Session: Class initialized using 'CodeIgniter\Session\Handlers\FileHandler' driver.
DEBUG - 2025-05-15 08:33:53 --> Session: Class initialized using 'CodeIgniter\Session\Handlers\FileHandler' driver.
DEBUG - 2025-05-15 08:34:08 --> Session: Class initialized using 'CodeIgniter\Session\Handlers\FileHandler' driver.
DEBUG - 2025-05-15 08:34:09 --> Session: Class initialized using 'CodeIgniter\Session\Handlers\FileHandler' driver.
DEBUG - 2025-05-15 08:34:42 --> Session: Class initialized using 'CodeIgniter\Session\Handlers\FileHandler' driver.
DEBUG - 2025-05-15 08:34:43 --> Session: Class initialized using 'CodeIgniter\Session\Handlers\FileHandler' driver.
DEBUG - 2025-05-15 08:34:46 --> Session: Class initialized using 'CodeIgniter\Session\Handlers\FileHandler' driver.
DEBUG - 2025-05-15 08:34:47 --> Session: Class initialized using 'CodeIgniter\Session\Handlers\FileHandler' driver.
DEBUG - 2025-05-15 08:34:49 --> Session: Class initialized using 'CodeIgniter\Session\Handlers\FileHandler' driver.
DEBUG - 2025-05-15 08:34:50 --> Session: Class initialized using 'CodeIgniter\Session\Handlers\FileHandler' driver.
DEBUG - 2025-05-15 08:36:07 --> Session: Class initialized using 'CodeIgniter\Session\Handlers\FileHandler' driver.
DEBUG - 2025-05-15 08:36:09 --> Session: Class initialized using 'CodeIgniter\Session\Handlers\FileHandler' driver.
DEBUG - 2025-05-15 08:36:10 --> Session: Class initialized using 'CodeIgniter\Session\Handlers\FileHandler' driver.
DEBUG - 2025-05-15 08:36:18 --> Session: Class initialized using 'CodeIgniter\Session\Handlers\FileHandler' driver.
DEBUG - 2025-05-15 08:36:19 --> Session: Class initialized using 'CodeIgniter\Session\Handlers\FileHandler' driver.
DEBUG - 2025-05-15 08:37:07 --> Session: Class initialized using 'CodeIgniter\Session\Handlers\FileHandler' driver.
DEBUG - 2025-05-15 08:37:08 --> Session: Class initialized using 'CodeIgniter\Session\Handlers\FileHandler' driver.
DEBUG - 2025-05-15 08:38:29 --> Session: Class initialized using 'CodeIgniter\Session\Handlers\FileHandler' driver.
DEBUG - 2025-05-15 08:39:35 --> Session: Class initialized using 'CodeIgniter\Session\Handlers\FileHandler' driver.
DEBUG - 2025-05-15 08:46:25 --> Session: Class initialized using 'CodeIgniter\Session\Handlers\FileHandler' driver.
DEBUG - 2025-05-15 08:46:26 --> Session: Class initialized using 'CodeIgniter\Session\Handlers\FileHandler' driver.
DEBUG - 2025-05-15 08:46:27 --> Session: Class initialized using 'CodeIgniter\Session\Handlers\FileHandler' driver.
DEBUG - 2025-05-15 08:46:28 --> Session: Class initialized using 'CodeIgniter\Session\Handlers\FileHandler' driver.
CRITICAL - 2025-05-15 08:46:28 --> ErrorException: Attempt to read property "nama_kelas" on null
[Method: GET, Route: admin/datatables-siswa]
in APPPATH\Controllers\AdminController.php on line 507.
 1 APPPATH\Controllers\AdminController.php(507): CodeIgniter\Debug\Exceptions->errorHandler(2, 'Attempt to read property "nama_kelas" on null', 'C:\\xampp\\htdocs\\sisfo_akademik\\app\\Controllers\\AdminController.php', 507)
 2 APPPATH\ThirdParty\ssp.php(50): App\Controllers\AdminController->App\Controllers\{closure}('2', [...])
 3 APPPATH\ThirdParty\ssp.php(284): SSP::data_output([...], [...], null)
 4 APPPATH\Controllers\AdminController.php(530): SSP::simple([...], [...], 'siswa', 'id', [...])
 5 SYSTEMPATH\CodeIgniter.php(933): App\Controllers\AdminController->datatablesSiswa()
 6 SYSTEMPATH\CodeIgniter.php(507): CodeIgniter\CodeIgniter->runController(Object(App\Controllers\AdminController))
 7 SYSTEMPATH\CodeIgniter.php(354): CodeIgniter\CodeIgniter->handleRequest(null, Object(Config\Cache), false)
 8 SYSTEMPATH\Boot.php(334): CodeIgniter\CodeIgniter->run()
 9 SYSTEMPATH\Boot.php(67): CodeIgniter\Boot::runCodeIgniter(Object(CodeIgniter\CodeIgniter))
10 FCPATH\index.php(56): CodeIgniter\Boot::bootWeb(Object(Config\Paths))
11 SYSTEMPATH\rewrite.php(44): require_once('C:\\xampp\\htdocs\\sisfo_akademik\\public\\index.php')
DEBUG - 2025-05-15 08:46:34 --> Session: Class initialized using 'CodeIgniter\Session\Handlers\FileHandler' driver.
DEBUG - 2025-05-15 08:46:35 --> Session: Class initialized using 'CodeIgniter\Session\Handlers\FileHandler' driver.
DEBUG - 2025-05-15 08:46:36 --> Session: Class initialized using 'CodeIgniter\Session\Handlers\FileHandler' driver.
DEBUG - 2025-05-15 08:46:37 --> Session: Class initialized using 'CodeIgniter\Session\Handlers\FileHandler' driver.
CRITICAL - 2025-05-15 08:46:37 --> ErrorException: Attempt to read property "nama_kelas" on null
[Method: GET, Route: admin/datatables-siswa]
in APPPATH\Controllers\AdminController.php on line 507.
 1 APPPATH\Controllers\AdminController.php(507): CodeIgniter\Debug\Exceptions->errorHandler(2, 'Attempt to read property "nama_kelas" on null', 'C:\\xampp\\htdocs\\sisfo_akademik\\app\\Controllers\\AdminController.php', 507)
 2 APPPATH\ThirdParty\ssp.php(50): App\Controllers\AdminController->App\Controllers\{closure}('2', [...])
 3 APPPATH\ThirdParty\ssp.php(284): SSP::data_output([...], [...], null)
 4 APPPATH\Controllers\AdminController.php(530): SSP::simple([...], [...], 'siswa', 'id', [...])
 5 SYSTEMPATH\CodeIgniter.php(933): App\Controllers\AdminController->datatablesSiswa()
 6 SYSTEMPATH\CodeIgniter.php(507): CodeIgniter\CodeIgniter->runController(Object(App\Controllers\AdminController))
 7 SYSTEMPATH\CodeIgniter.php(354): CodeIgniter\CodeIgniter->handleRequest(null, Object(Config\Cache), false)
 8 SYSTEMPATH\Boot.php(334): CodeIgniter\CodeIgniter->run()
 9 SYSTEMPATH\Boot.php(67): CodeIgniter\Boot::runCodeIgniter(Object(CodeIgniter\CodeIgniter))
10 FCPATH\index.php(56): CodeIgniter\Boot::bootWeb(Object(Config\Paths))
11 SYSTEMPATH\rewrite.php(44): require_once('C:\\xampp\\htdocs\\sisfo_akademik\\public\\index.php')
DEBUG - 2025-05-15 08:49:32 --> Session: Class initialized using 'CodeIgniter\Session\Handlers\FileHandler' driver.
DEBUG - 2025-05-15 08:49:33 --> Session: Class initialized using 'CodeIgniter\Session\Handlers\FileHandler' driver.
DEBUG - 2025-05-15 08:49:43 --> Session: Class initialized using 'CodeIgniter\Session\Handlers\FileHandler' driver.
DEBUG - 2025-05-15 08:49:47 --> Session: Class initialized using 'CodeIgniter\Session\Handlers\FileHandler' driver.
DEBUG - 2025-05-15 08:49:48 --> Session: Class initialized using 'CodeIgniter\Session\Handlers\FileHandler' driver.
DEBUG - 2025-05-15 08:49:50 --> Session: Class initialized using 'CodeIgniter\Session\Handlers\FileHandler' driver.
DEBUG - 2025-05-15 08:49:51 --> Session: Class initialized using 'CodeIgniter\Session\Handlers\FileHandler' driver.
DEBUG - 2025-05-15 08:50:27 --> Session: Class initialized using 'CodeIgniter\Session\Handlers\FileHandler' driver.
DEBUG - 2025-05-15 08:50:28 --> Session: Class initialized using 'CodeIgniter\Session\Handlers\FileHandler' driver.
DEBUG - 2025-05-15 10:08:51 --> Session: Class initialized using 'CodeIgniter\Session\Handlers\FileHandler' driver.
DEBUG - 2025-05-15 10:08:52 --> Session: Class initialized using 'CodeIgniter\Session\Handlers\FileHandler' driver.
DEBUG - 2025-05-15 10:12:58 --> Session: Class initialized using 'CodeIgniter\Session\Handlers\FileHandler' driver.
DEBUG - 2025-05-15 10:12:59 --> Session: Class initialized using 'CodeIgniter\Session\Handlers\FileHandler' driver.
DEBUG - 2025-05-15 10:17:10 --> Session: Class initialized using 'CodeIgniter\Session\Handlers\FileHandler' driver.
DEBUG - 2025-05-15 10:17:12 --> Session: Class initialized using 'CodeIgniter\Session\Handlers\FileHandler' driver.
DEBUG - 2025-05-15 10:17:38 --> Session: Class initialized using 'CodeIgniter\Session\Handlers\FileHandler' driver.
DEBUG - 2025-05-15 10:17:39 --> Session: Class initialized using 'CodeIgniter\Session\Handlers\FileHandler' driver.
DEBUG - 2025-05-15 10:17:48 --> Session: Class initialized using 'CodeIgniter\Session\Handlers\FileHandler' driver.
DEBUG - 2025-05-15 10:17:49 --> Session: Class initialized using 'CodeIgniter\Session\Handlers\FileHandler' driver.
DEBUG - 2025-05-15 10:17:49 --> Session: Class initialized using 'CodeIgniter\Session\Handlers\FileHandler' driver.
DEBUG - 2025-05-15 10:17:50 --> Session: Class initialized using 'CodeIgniter\Session\Handlers\FileHandler' driver.
DEBUG - 2025-05-15 10:18:06 --> Session: Class initialized using 'CodeIgniter\Session\Handlers\FileHandler' driver.
DEBUG - 2025-05-15 10:18:11 --> Session: Class initialized using 'CodeIgniter\Session\Handlers\FileHandler' driver.
DEBUG - 2025-05-15 10:18:11 --> Session: Class initialized using 'CodeIgniter\Session\Handlers\FileHandler' driver.
DEBUG - 2025-05-15 10:18:45 --> Session: Class initialized using 'CodeIgniter\Session\Handlers\FileHandler' driver.
DEBUG - 2025-05-15 10:18:45 --> Session: Class initialized using 'CodeIgniter\Session\Handlers\FileHandler' driver.
DEBUG - 2025-05-15 10:18:53 --> Session: Class initialized using 'CodeIgniter\Session\Handlers\FileHandler' driver.
DEBUG - 2025-05-15 10:18:53 --> Session: Class initialized using 'CodeIgniter\Session\Handlers\FileHandler' driver.
DEBUG - 2025-05-15 10:18:58 --> Session: Class initialized using 'CodeIgniter\Session\Handlers\FileHandler' driver.
DEBUG - 2025-05-15 10:18:59 --> Session: Class initialized using 'CodeIgniter\Session\Handlers\FileHandler' driver.
DEBUG - 2025-05-15 10:19:33 --> Session: Class initialized using 'CodeIgniter\Session\Handlers\FileHandler' driver.
DEBUG - 2025-05-15 10:19:34 --> Session: Class initialized using 'CodeIgniter\Session\Handlers\FileHandler' driver.
DEBUG - 2025-05-15 10:19:35 --> Session: Class initialized using 'CodeIgniter\Session\Handlers\FileHandler' driver.
DEBUG - 2025-05-15 10:19:36 --> Session: Class initialized using 'CodeIgniter\Session\Handlers\FileHandler' driver.
DEBUG - 2025-05-15 10:19:43 --> Session: Class initialized using 'CodeIgniter\Session\Handlers\FileHandler' driver.
DEBUG - 2025-05-15 10:19:44 --> Session: Class initialized using 'CodeIgniter\Session\Handlers\FileHandler' driver.
DEBUG - 2025-05-15 10:19:47 --> Session: Class initialized using 'CodeIgniter\Session\Handlers\FileHandler' driver.
DEBUG - 2025-05-15 10:19:48 --> Session: Class initialized using 'CodeIgniter\Session\Handlers\FileHandler' driver.
DEBUG - 2025-05-15 10:20:14 --> Session: Class initialized using 'CodeIgniter\Session\Handlers\FileHandler' driver.
DEBUG - 2025-05-15 10:20:20 --> Session: Class initialized using 'CodeIgniter\Session\Handlers\FileHandler' driver.
DEBUG - 2025-05-15 10:20:20 --> Session: Class initialized using 'CodeIgniter\Session\Handlers\FileHandler' driver.
DEBUG - 2025-05-15 10:20:27 --> Session: Class initialized using 'CodeIgniter\Session\Handlers\FileHandler' driver.
DEBUG - 2025-05-15 10:20:28 --> Session: Class initialized using 'CodeIgniter\Session\Handlers\FileHandler' driver.
DEBUG - 2025-05-15 10:20:53 --> Session: Class initialized using 'CodeIgniter\Session\Handlers\FileHandler' driver.
DEBUG - 2025-05-15 10:20:53 --> Session: Class initialized using 'CodeIgniter\Session\Handlers\FileHandler' driver.
DEBUG - 2025-05-15 10:21:05 --> Session: Class initialized using 'CodeIgniter\Session\Handlers\FileHandler' driver.
DEBUG - 2025-05-15 10:21:06 --> Session: Class initialized using 'CodeIgniter\Session\Handlers\FileHandler' driver.
DEBUG - 2025-05-15 10:21:20 --> Session: Class initialized using 'CodeIgniter\Session\Handlers\FileHandler' driver.
DEBUG - 2025-05-15 10:21:21 --> Session: Class initialized using 'CodeIgniter\Session\Handlers\FileHandler' driver.
DEBUG - 2025-05-15 10:21:32 --> Session: Class initialized using 'CodeIgniter\Session\Handlers\FileHandler' driver.
DEBUG - 2025-05-15 10:21:33 --> Session: Class initialized using 'CodeIgniter\Session\Handlers\FileHandler' driver.
DEBUG - 2025-05-15 10:23:14 --> Session: Class initialized using 'CodeIgniter\Session\Handlers\FileHandler' driver.
DEBUG - 2025-05-15 10:23:15 --> Session: Class initialized using 'CodeIgniter\Session\Handlers\FileHandler' driver.
DEBUG - 2025-05-15 10:23:16 --> Session: Class initialized using 'CodeIgniter\Session\Handlers\FileHandler' driver.
DEBUG - 2025-05-15 10:24:31 --> Session: Class initialized using 'CodeIgniter\Session\Handlers\FileHandler' driver.
CRITICAL - 2025-05-15 10:24:31 --> CodeIgniter\View\Exceptions\ViewException: Invalid file: "backend/pages/pageUsers.php"
[Method: GET, Route: admin/data_user]
in SYSTEMPATH\Exceptions\FrameworkException.php on line 39.
 1 SYSTEMPATH\View\View.php(212): CodeIgniter\Exceptions\FrameworkException::forInvalidFile('backend/pages/pageUsers.php')
 2 SYSTEMPATH\Common.php(1173): CodeIgniter\View\View->render('backend/pages/pageUsers', [], true)
 3 APPPATH\Controllers\AdminController.php(880): view('backend/pages/pageUsers', [...])
 4 SYSTEMPATH\CodeIgniter.php(933): App\Controllers\AdminController->pageUsers()
 5 SYSTEMPATH\CodeIgniter.php(507): CodeIgniter\CodeIgniter->runController(Object(App\Controllers\AdminController))
 6 SYSTEMPATH\CodeIgniter.php(354): CodeIgniter\CodeIgniter->handleRequest(null, Object(Config\Cache), false)
 7 SYSTEMPATH\Boot.php(334): CodeIgniter\CodeIgniter->run()
 8 SYSTEMPATH\Boot.php(67): CodeIgniter\Boot::runCodeIgniter(Object(CodeIgniter\CodeIgniter))
 9 FCPATH\index.php(56): CodeIgniter\Boot::bootWeb(Object(Config\Paths))
10 SYSTEMPATH\rewrite.php(44): require_once('C:\\xampp\\htdocs\\sisfo_akademik\\public\\index.php')
DEBUG - 2025-05-15 10:24:50 --> Session: Class initialized using 'CodeIgniter\Session\Handlers\FileHandler' driver.
