CRITICAL - 2025-05-12 11:37:23 --> Error: Cannot use object of type stdClass as array
[Method: GET, Route: admin/kelas]
in APPPATH\Views\backend\pages\modal\kelas_modal_form.php on line 24.
 1 APPPATH\Views\backend\pages\pageKelas.php(59): include()
 2 SYSTEMPATH\View\View.php(224): include('C:\\xampp\\htdocs\\sisfo_akademik\\app\\Views\\backend\\pages\\pageKelas.php')
 3 SYSTEMPATH\View\View.php(227): CodeIgniter\View\View->CodeIgniter\View\{closure}()
 4 SYSTEMPATH\Common.php(1173): CodeIgniter\View\View->render('backend/pages/pageKelas', [], true)
 5 APPPATH\Controllers\AdminController.php(660): view('backend/pages/pageKelas', [...])
 6 SYSTEMPATH\CodeIgniter.php(933): App\Controllers\AdminController->pageKelas()
 7 SYSTEMPATH\CodeIgniter.php(507): CodeIgniter\CodeIgniter->runController(Object(App\Controllers\AdminController))
 8 SYSTEMPATH\CodeIgniter.php(354): CodeIgniter\CodeIgniter->handleRequest(null, Object(Config\Cache), false)
 9 SYSTEMPATH\Boot.php(334): CodeIgniter\CodeIgniter->run()
10 SYSTEMPATH\Boot.php(67): CodeIgniter\Boot::runCodeIgniter(Object(CodeIgniter\CodeIgniter))
11 FCPATH\index.php(56): CodeIgniter\Boot::bootWeb(Object(Config\Paths))
12 SYSTEMPATH\rewrite.php(44): require_once('C:\\xampp\\htdocs\\sisfo_akademik\\public\\index.php')
CRITICAL - 2025-05-12 11:37:32 --> Error: Cannot use object of type stdClass as array
[Method: GET, Route: admin/kelas]
in APPPATH\Views\backend\pages\modal\kelas_modal_form.php on line 24.
 1 APPPATH\Views\backend\pages\pageKelas.php(59): include()
 2 SYSTEMPATH\View\View.php(224): include('C:\\xampp\\htdocs\\sisfo_akademik\\app\\Views\\backend\\pages\\pageKelas.php')
 3 SYSTEMPATH\View\View.php(227): CodeIgniter\View\View->CodeIgniter\View\{closure}()
 4 SYSTEMPATH\Common.php(1173): CodeIgniter\View\View->render('backend/pages/pageKelas', [], true)
 5 APPPATH\Controllers\AdminController.php(660): view('backend/pages/pageKelas', [...])
 6 SYSTEMPATH\CodeIgniter.php(933): App\Controllers\AdminController->pageKelas()
 7 SYSTEMPATH\CodeIgniter.php(507): CodeIgniter\CodeIgniter->runController(Object(App\Controllers\AdminController))
 8 SYSTEMPATH\CodeIgniter.php(354): CodeIgniter\CodeIgniter->handleRequest(null, Object(Config\Cache), false)
 9 SYSTEMPATH\Boot.php(334): CodeIgniter\CodeIgniter->run()
10 SYSTEMPATH\Boot.php(67): CodeIgniter\Boot::runCodeIgniter(Object(CodeIgniter\CodeIgniter))
11 FCPATH\index.php(56): CodeIgniter\Boot::bootWeb(Object(Config\Paths))
12 SYSTEMPATH\rewrite.php(44): require_once('C:\\xampp\\htdocs\\sisfo_akademik\\public\\index.php')
